Hmm ... looks like a package

This is pdfTeX, Version 3.1415926-2.5-1.40.14 (TeX Live 2013)
 restricted \write18 enabled.
entering extended mode

(/private/var/folders/kg/x3gtxynj31v3q8xsw997qvb00000gn/T/RtmpC9HnIE/Rd2pdf1607
596ef297/Rd2.tex
LaTeX2e <2011/06/27>
Babel <3.9f> and hyphenation patterns for 78 languages loaded.

(/usr/local/texlive/2013/texmf-dist/tex/latex/base/book.cls
Document Class: book 2007/10/19 v1.4h Standard LaTeX document class
(/usr/local/texlive/2013/texmf-dist/tex/latex/base/bk10.clo))
(/Library/Frameworks/R.framework/Resources/share/texmf/tex/latex/Rd.sty
(/usr/local/texlive/2013/texmf-dist/tex/latex/base/ifthen.sty)
(/usr/local/texlive/2013/texmf-dist/tex/latex/tools/longtable.sty)
(/usr/local/texlive/2013/texmf-dist/tex/latex/tools/bm.sty)
(/usr/local/texlive/2013/texmf-dist/tex/latex/base/alltt.sty)
(/usr/local/texlive/2013/texmf-dist/tex/latex/tools/verbatim.sty)
(/usr/local/texlive/2013/texmf-dist/tex/latex/url/url.sty)
(/usr/local/texlive/2013/texmf-dist/tex/latex/base/textcomp.sty
(/usr/local/texlive/2013/texmf-dist/tex/latex/base/ts1enc.def))
(/usr/local/texlive/2013/texmf-dist/tex/latex/base/fontenc.sty
(/usr/local/texlive/2013/texmf-dist/tex/latex/base/t1enc.def))
(/usr/local/texlive/2013/texmf-dist/tex/latex/psnfss/times.sty)
(/usr/local/texlive/2013/texmf-dist/tex/latex/inconsolata/inconsolata.sty
(/usr/local/texlive/2013/texmf-dist/tex/latex/graphics/keyval.sty))
(/usr/local/texlive/2013/texmf-dist/tex/latex/graphics/color.sty
(/usr/local/texlive/2013/texmf-dist/tex/latex/latexconfig/color.cfg)
(/usr/local/texlive/2013/texmf-dist/tex/latex/pdftex-def/pdftex.def
(/usr/local/texlive/2013/texmf-dist/tex/generic/oberdiek/infwarerr.sty)
(/usr/local/texlive/2013/texmf-dist/tex/generic/oberdiek/ltxcmds.sty)))
(/usr/local/texlive/2013/texmf-dist/tex/latex/hyperref/hyperref.sty
(/usr/local/texlive/2013/texmf-dist/tex/generic/oberdiek/hobsub-hyperref.sty
(/usr/local/texlive/2013/texmf-dist/tex/generic/oberdiek/hobsub-generic.sty))
(/usr/local/texlive/2013/texmf-dist/tex/generic/ifxetex/ifxetex.sty)
(/usr/local/texlive/2013/texmf-dist/tex/latex/oberdiek/auxhook.sty)
(/usr/local/texlive/2013/texmf-dist/tex/latex/oberdiek/kvoptions.sty)
(/usr/local/texlive/2013/texmf-dist/tex/latex/hyperref/pd1enc.def)
(/usr/local/texlive/2013/texmf-dist/tex/latex/latexconfig/hyperref.cfg))

Package hyperref Message: Driver (autodetected): hpdftex.

(/usr/local/texlive/2013/texmf-dist/tex/latex/hyperref/hpdftex.def
(/usr/local/texlive/2013/texmf-dist/tex/latex/oberdiek/rerunfilecheck.sty))

Package hyperref Warning: Option `hyperindex' has already been used,
(hyperref)                setting the option has no effect on input line 361.


Package hyperref Warning: Option `pagebackref' has already been used,
(hyperref)                setting the option has no effect on input line 361.

) (/usr/local/texlive/2013/texmf-dist/tex/latex/base/makeidx.sty)
(/usr/local/texlive/2013/texmf-dist/tex/latex/base/inputenc.sty
(/usr/local/texlive/2013/texmf-dist/tex/latex/base/utf8.def
(/usr/local/texlive/2013/texmf-dist/tex/latex/base/t1enc.dfu)
(/usr/local/texlive/2013/texmf-dist/tex/latex/base/ot1enc.dfu)
(/usr/local/texlive/2013/texmf-dist/tex/latex/base/omsenc.dfu)
(/usr/local/texlive/2013/texmf-dist/tex/latex/base/ts1enc.dfu))
(/usr/local/texlive/2013/texmf-dist/tex/latex/base/latin1.def))
Writing index file Rd2.idx
No file Rd2.aux.
(/usr/local/texlive/2013/texmf-dist/tex/latex/base/ts1cmr.fd)
(/usr/local/texlive/2013/texmf-dist/tex/latex/psnfss/t1ptm.fd)
(/usr/local/texlive/2013/texmf-dist/tex/context/base/supp-pdf.mkii
[Loading MPS to PDF converter (version 2006.09.02).]
) (/usr/local/texlive/2013/texmf-dist/tex/latex/hyperref/nameref.sty
(/usr/local/texlive/2013/texmf-dist/tex/generic/oberdiek/gettitlestring.sty))
(/usr/local/texlive/2013/texmf-dist/tex/latex/inconsolata/t1fi4.fd)
(/usr/local/texlive/2013/texmf-dist/tex/latex/psnfss/t1phv.fd)
(/usr/local/texlive/2013/texmf-dist/tex/latex/base/utf8.def) [1{/usr/local/texl
ive/2013/texmf-var/fonts/map/pdftex/updmap/pdftex.map}]
Overfull \hbox (40.55026pt too wide) in paragraph at lines 77--78
[]\T1/ptm/m/n/10 Cybozu of-fi-cial page [][]$\T1/fi4/m/n/10 http : / / develope
rs . kintone . com / kintone-[]apis / app-[]apis / record-[]delete-[]api .

Overfull \hbox (9.78088pt too wide) in paragraph at lines 88--88
 []\T1/fi4/m/n/9 kintone <- Kintone("hakata.cybozu.com", "r-kintone", "r-kinton
e") # declare Kintone object[] 
(/usr/local/texlive/2013/texmf-dist/tex/latex/base/utf8.def)
Overfull \hbox (20.05026pt too wide) in paragraph at lines 147--148
[]\T1/ptm/m/n/10 Cybozu of-fi-cial page [][]$\T1/fi4/m/n/10 http : / / develope
rs . kintone . com / kintone-[]apis / app-[]apis / file-[]download .
[2]
Overfull \hbox (9.78088pt too wide) in paragraph at lines 163--163
 []\T1/fi4/m/n/9 kintone <- Kintone("hakata.cybozu.com", "r-kintone", "r-kinton
e") # declare Kintone object[] 
(/usr/local/texlive/2013/texmf-dist/tex/latex/base/utf8.def)
Overfull \hbox (55.55026pt too wide) in paragraph at lines 219--220
[]\T1/ptm/m/n/10 Cybozu of-fi-cial page [][]$\T1/fi4/m/n/10 http : / / develope
rs . kintone . com / kintone-[]apis / app-[]apis / record-[]retrieval-[]api .
[3]
Overfull \hbox (9.78088pt too wide) in paragraph at lines 235--235
 []\T1/fi4/m/n/9 kintone <- Kintone("hakata.cybozu.com", "r-kintone", "r-kinton
e") # declare Kintone object[] 

Overfull \hbox (9.78088pt too wide) in paragraph at lines 246--246
 []\T1/fi4/m/n/9 kintone <- Kintone("hakata.cybozu.com", "r-kintone", "r-kinton
e") # declare Kintone object[] 
(/usr/local/texlive/2013/texmf-dist/tex/latex/base/utf8.def) [4]
Overfull \hbox (55.55026pt too wide) in paragraph at lines 307--308
[]\T1/ptm/m/n/10 Cybozu of-fi-cial page [][]$\T1/fi4/m/n/10 http : / / develope
rs . kintone . com / kintone-[]apis / app-[]apis / record-[]retrieval-[]api .

Overfull \hbox (9.78088pt too wide) in paragraph at lines 323--323
 []\T1/fi4/m/n/9 kintone <- Kintone("hakata.cybozu.com", "r-kintone", "r-kinton
e") # declare Kintone object[] 
(/usr/local/texlive/2013/texmf-dist/tex/latex/inconsolata/ts1fi4.fd)
Overfull \hbox (50.28088pt too wide) in paragraph at lines 333--333
 []    \T1/fi4/m/n/9 kintone@getRecords(app, query=query, fields=fields) # requ
est with "query" and "fields" options[] 

Overfull \hbox (14.28088pt too wide) in paragraph at lines 342--342
 []\T1/fi4/m/n/9 kintone1 <- Kintone("hakata.cybozu.com", "r-kintone", "r-kinto
ne") # declare Kintone object[] 
(/usr/local/texlive/2013/texmf-dist/tex/latex/base/utf8.def) [5]
Overfull \hbox (9.78088pt too wide) in paragraph at lines 405--405
 []\T1/fi4/m/n/9 kintone <- Kintone("hakata.cybozu.com", "r-kintone", "r-kinton
e") # declare Kintone object[] 
(/usr/local/texlive/2013/texmf-dist/tex/latex/base/utf8.def)
Overfull \hbox (50.55026pt too wide) in paragraph at lines 458--459
[]\T1/ptm/m/n/10 Cybozu of-fi-cial page [][]$\T1/fi4/m/n/10 http : / / develope
rs . kintone . com / kintone-[]apis / app-[]apis / record-[]register-[]api .
[6]
Overfull \hbox (9.78088pt too wide) in paragraph at lines 474--474
 []\T1/fi4/m/n/9 kintone <- Kintone("hakata.cybozu.com", "r-kintone", "r-kinton
e") # declare Kintone object[] 
(/usr/local/texlive/2013/texmf-dist/tex/latex/base/utf8.def)
Overfull \hbox (50.55026pt too wide) in paragraph at lines 533--534
[]\T1/ptm/m/n/10 Cybozu of-fi-cial page [][]$\T1/fi4/m/n/10 http : / / develope
rs . kintone . com / kintone-[]apis / app-[]apis / record-[]register-[]api .
[7]
Overfull \hbox (9.78088pt too wide) in paragraph at lines 549--549
 []\T1/fi4/m/n/9 kintone <- Kintone("hakata.cybozu.com", "r-kintone", "r-kinton
e") # declare Kintone object[] 
(/usr/local/texlive/2013/texmf-dist/tex/latex/base/utf8.def)
Overfull \hbox (40.55026pt too wide) in paragraph at lines 615--616
[]\T1/ptm/m/n/10 Cybozu of-fi-cial page [][]$\T1/fi4/m/n/10 http : / / develope
rs . kintone . com / kintone-[]apis / app-[]apis / record-[]update-[]api .
[8]
Overfull \hbox (9.78088pt too wide) in paragraph at lines 631--631
 []\T1/fi4/m/n/9 kintone <- Kintone("hakata.cybozu.com", "r-kintone", "r-kinton
e") # declare Kintone object[] 
(/usr/local/texlive/2013/texmf-dist/tex/latex/base/utf8.def)
Overfull \hbox (40.55026pt too wide) in paragraph at lines 691--692
[]\T1/ptm/m/n/10 Cybozu of-fi-cial page [][]$\T1/fi4/m/n/10 http : / / develope
rs . kintone . com / kintone-[]apis / app-[]apis / record-[]update-[]api .
[9]
Overfull \hbox (9.78088pt too wide) in paragraph at lines 707--707
 []\T1/fi4/m/n/9 kintone <- Kintone("hakata.cybozu.com", "r-kintone", "r-kinton
e") # declare Kintone object[] 
(/usr/local/texlive/2013/texmf-dist/tex/latex/base/utf8.def)
Overfull \hbox (10.05026pt too wide) in paragraph at lines 768--769
[]\T1/ptm/m/n/10 Cybozu of-fi-cial page [][]$\T1/fi4/m/n/10 http : / / develope
rs . kintone . com / kintone-[]apis / app-[]apis / file-[]upload .
[10]
Overfull \hbox (9.78088pt too wide) in paragraph at lines 788--788
 []\T1/fi4/m/n/9 kintone <- Kintone("hakata.cybozu.com", "r-kintone", "r-kinton
e") # declare Kintone object[] 
No file Rd2.ind.
[11] (./Rd2.aux)

Package rerunfilecheck Warning: File `Rd2.out' has changed.
(rerunfilecheck)                Rerun to get outlines right
(rerunfilecheck)                or use package `bookmark'.

 )
(see the transcript file for additional information){/usr/local/texlive/2013/te
xmf-dist/fonts/enc/dvips/base/8r.enc}{/usr/local/texlive/2013/texmf-dist/fonts/
enc/dvips/inconsolata/fi4-ec.enc}</usr/local/texlive/2013/texmf-dist/fonts/type
1/public/inconsolata/Inconsolata.pfb></usr/local/texlive/2013/texmf-dist/fonts/
type1/urw/helvetic/uhvr8a.pfb></usr/local/texlive/2013/texmf-dist/fonts/type1/u
rw/times/utmb8a.pfb></usr/local/texlive/2013/texmf-dist/fonts/type1/urw/times/u
tmr8a.pfb></usr/local/texlive/2013/texmf-dist/fonts/type1/urw/times/utmr8a.pfb>
</usr/local/texlive/2013/texmf-dist/fonts/type1/urw/times/utmri8a.pfb>
Output written on Rd2.pdf (11 pages, 78247 bytes).
Transcript written on Rd2.log.
This is makeindex, version 2.15 [TeX Live 2013] (kpathsea + Thai support).
Scanning input file ./Rd2.idx....done (24 entries accepted, 0 rejected).
Sorting entries....done (106 comparisons).
Generating output file ./Rd2.ind....done (42 lines written, 3 warnings).
Output written in ./Rd2.ind.
Transcript written in ./Rd2.ilg.
This is pdfTeX, Version 3.1415926-2.5-1.40.14 (TeX Live 2013)
 restricted \write18 enabled.
entering extended mode

(/private/var/folders/kg/x3gtxynj31v3q8xsw997qvb00000gn/T/RtmpC9HnIE/Rd2pdf1607
596ef297/Rd2.tex
LaTeX2e <2011/06/27>
Babel <3.9f> and hyphenation patterns for 78 languages loaded.

(/usr/local/texlive/2013/texmf-dist/tex/latex/base/book.cls
Document Class: book 2007/10/19 v1.4h Standard LaTeX document class
(/usr/local/texlive/2013/texmf-dist/tex/latex/base/bk10.clo))
(/Library/Frameworks/R.framework/Resources/share/texmf/tex/latex/Rd.sty
(/usr/local/texlive/2013/texmf-dist/tex/latex/base/ifthen.sty)
(/usr/local/texlive/2013/texmf-dist/tex/latex/tools/longtable.sty)
(/usr/local/texlive/2013/texmf-dist/tex/latex/tools/bm.sty)
(/usr/local/texlive/2013/texmf-dist/tex/latex/base/alltt.sty)
(/usr/local/texlive/2013/texmf-dist/tex/latex/tools/verbatim.sty)
(/usr/local/texlive/2013/texmf-dist/tex/latex/url/url.sty)
(/usr/local/texlive/2013/texmf-dist/tex/latex/base/textcomp.sty
(/usr/local/texlive/2013/texmf-dist/tex/latex/base/ts1enc.def))
(/usr/local/texlive/2013/texmf-dist/tex/latex/base/fontenc.sty
(/usr/local/texlive/2013/texmf-dist/tex/latex/base/t1enc.def))
(/usr/local/texlive/2013/texmf-dist/tex/latex/psnfss/times.sty)
(/usr/local/texlive/2013/texmf-dist/tex/latex/inconsolata/inconsolata.sty
(/usr/local/texlive/2013/texmf-dist/tex/latex/graphics/keyval.sty))
(/usr/local/texlive/2013/texmf-dist/tex/latex/graphics/color.sty
(/usr/local/texlive/2013/texmf-dist/tex/latex/latexconfig/color.cfg)
(/usr/local/texlive/2013/texmf-dist/tex/latex/pdftex-def/pdftex.def
(/usr/local/texlive/2013/texmf-dist/tex/generic/oberdiek/infwarerr.sty)
(/usr/local/texlive/2013/texmf-dist/tex/generic/oberdiek/ltxcmds.sty)))
(/usr/local/texlive/2013/texmf-dist/tex/latex/hyperref/hyperref.sty
(/usr/local/texlive/2013/texmf-dist/tex/generic/oberdiek/hobsub-hyperref.sty
(/usr/local/texlive/2013/texmf-dist/tex/generic/oberdiek/hobsub-generic.sty))
(/usr/local/texlive/2013/texmf-dist/tex/generic/ifxetex/ifxetex.sty)
(/usr/local/texlive/2013/texmf-dist/tex/latex/oberdiek/auxhook.sty)
(/usr/local/texlive/2013/texmf-dist/tex/latex/oberdiek/kvoptions.sty)
(/usr/local/texlive/2013/texmf-dist/tex/latex/hyperref/pd1enc.def)
(/usr/local/texlive/2013/texmf-dist/tex/latex/latexconfig/hyperref.cfg))

Package hyperref Message: Driver (autodetected): hpdftex.

(/usr/local/texlive/2013/texmf-dist/tex/latex/hyperref/hpdftex.def
(/usr/local/texlive/2013/texmf-dist/tex/latex/oberdiek/rerunfilecheck.sty))

Package hyperref Warning: Option `hyperindex' has already been used,
(hyperref)                setting the option has no effect on input line 361.


Package hyperref Warning: Option `pagebackref' has already been used,
(hyperref)                setting the option has no effect on input line 361.

) (/usr/local/texlive/2013/texmf-dist/tex/latex/base/makeidx.sty)
(/usr/local/texlive/2013/texmf-dist/tex/latex/base/inputenc.sty
(/usr/local/texlive/2013/texmf-dist/tex/latex/base/utf8.def
(/usr/local/texlive/2013/texmf-dist/tex/latex/base/t1enc.dfu)
(/usr/local/texlive/2013/texmf-dist/tex/latex/base/ot1enc.dfu)
(/usr/local/texlive/2013/texmf-dist/tex/latex/base/omsenc.dfu)
(/usr/local/texlive/2013/texmf-dist/tex/latex/base/ts1enc.dfu))
(/usr/local/texlive/2013/texmf-dist/tex/latex/base/latin1.def))
Writing index file Rd2.idx
(./Rd2.aux) (/usr/local/texlive/2013/texmf-dist/tex/latex/base/ts1cmr.fd)
(/usr/local/texlive/2013/texmf-dist/tex/latex/psnfss/t1ptm.fd)
(/usr/local/texlive/2013/texmf-dist/tex/context/base/supp-pdf.mkii
[Loading MPS to PDF converter (version 2006.09.02).]
) (/usr/local/texlive/2013/texmf-dist/tex/latex/hyperref/nameref.sty
(/usr/local/texlive/2013/texmf-dist/tex/generic/oberdiek/gettitlestring.sty))
(./Rd2.out) (./Rd2.out)
(/usr/local/texlive/2013/texmf-dist/tex/latex/inconsolata/t1fi4.fd)
(/usr/local/texlive/2013/texmf-dist/tex/latex/psnfss/t1phv.fd) (./Rd2.toc)
(/usr/local/texlive/2013/texmf-dist/tex/latex/base/utf8.def) [1{/usr/local/texl
ive/2013/texmf-var/fonts/map/pdftex/updmap/pdftex.map}]
Overfull \hbox (40.55026pt too wide) in paragraph at lines 77--78
[]\T1/ptm/m/n/10 Cybozu of-fi-cial page [][]$\T1/fi4/m/n/10 http : / / develope
rs . kintone . com / kintone-[]apis / app-[]apis / record-[]delete-[]api .

Overfull \hbox (9.78088pt too wide) in paragraph at lines 88--88
 []\T1/fi4/m/n/9 kintone <- Kintone("hakata.cybozu.com", "r-kintone", "r-kinton
e") # declare Kintone object[] 
(/usr/local/texlive/2013/texmf-dist/tex/latex/base/utf8.def) [2]
Overfull \hbox (20.05026pt too wide) in paragraph at lines 147--148
[]\T1/ptm/m/n/10 Cybozu of-fi-cial page [][]$\T1/fi4/m/n/10 http : / / develope
rs . kintone . com / kintone-[]apis / app-[]apis / file-[]download .

Overfull \hbox (9.78088pt too wide) in paragraph at lines 163--163
 []\T1/fi4/m/n/9 kintone <- Kintone("hakata.cybozu.com", "r-kintone", "r-kinton
e") # declare Kintone object[] 
(/usr/local/texlive/2013/texmf-dist/tex/latex/base/utf8.def) [3]
Overfull \hbox (55.55026pt too wide) in paragraph at lines 219--220
[]\T1/ptm/m/n/10 Cybozu of-fi-cial page [][]$\T1/fi4/m/n/10 http : / / develope
rs . kintone . com / kintone-[]apis / app-[]apis / record-[]retrieval-[]api .

Overfull \hbox (9.78088pt too wide) in paragraph at lines 235--235
 []\T1/fi4/m/n/9 kintone <- Kintone("hakata.cybozu.com", "r-kintone", "r-kinton
e") # declare Kintone object[] 

Overfull \hbox (9.78088pt too wide) in paragraph at lines 246--246
 []\T1/fi4/m/n/9 kintone <- Kintone("hakata.cybozu.com", "r-kintone", "r-kinton
e") # declare Kintone object[] 
[4] (/usr/local/texlive/2013/texmf-dist/tex/latex/base/utf8.def)
Overfull \hbox (55.55026pt too wide) in paragraph at lines 307--308
[]\T1/ptm/m/n/10 Cybozu of-fi-cial page [][]$\T1/fi4/m/n/10 http : / / develope
rs . kintone . com / kintone-[]apis / app-[]apis / record-[]retrieval-[]api .

Overfull \hbox (9.78088pt too wide) in paragraph at lines 323--323
 []\T1/fi4/m/n/9 kintone <- Kintone("hakata.cybozu.com", "r-kintone", "r-kinton
e") # declare Kintone object[] 
(/usr/local/texlive/2013/texmf-dist/tex/latex/inconsolata/ts1fi4.fd) [5]
Overfull \hbox (50.28088pt too wide) in paragraph at lines 333--333
 []    \T1/fi4/m/n/9 kintone@getRecords(app, query=query, fields=fields) # requ
est with "query" and "fields" options[] 

Overfull \hbox (14.28088pt too wide) in paragraph at lines 342--342
 []\T1/fi4/m/n/9 kintone1 <- Kintone("hakata.cybozu.com", "r-kintone", "r-kinto
ne") # declare Kintone object[] 
(/usr/local/texlive/2013/texmf-dist/tex/latex/base/utf8.def)
Overfull \hbox (9.78088pt too wide) in paragraph at lines 405--405
 []\T1/fi4/m/n/9 kintone <- Kintone("hakata.cybozu.com", "r-kintone", "r-kinton
e") # declare Kintone object[] 
(/usr/local/texlive/2013/texmf-dist/tex/latex/base/utf8.def) [6]
Overfull \hbox (50.55026pt too wide) in paragraph at lines 458--459
[]\T1/ptm/m/n/10 Cybozu of-fi-cial page [][]$\T1/fi4/m/n/10 http : / / develope
rs . kintone . com / kintone-[]apis / app-[]apis / record-[]register-[]api .

Overfull \hbox (9.78088pt too wide) in paragraph at lines 474--474
 []\T1/fi4/m/n/9 kintone <- Kintone("hakata.cybozu.com", "r-kintone", "r-kinton
e") # declare Kintone object[] 
(/usr/local/texlive/2013/texmf-dist/tex/latex/base/utf8.def) [7]
Overfull \hbox (50.55026pt too wide) in paragraph at lines 533--534
[]\T1/ptm/m/n/10 Cybozu of-fi-cial page [][]$\T1/fi4/m/n/10 http : / / develope
rs . kintone . com / kintone-[]apis / app-[]apis / record-[]register-[]api .

Overfull \hbox (9.78088pt too wide) in paragraph at lines 549--549
 []\T1/fi4/m/n/9 kintone <- Kintone("hakata.cybozu.com", "r-kintone", "r-kinton
e") # declare Kintone object[] 
(/usr/local/texlive/2013/texmf-dist/tex/latex/base/utf8.def) [8]
Overfull \hbox (40.55026pt too wide) in paragraph at lines 615--616
[]\T1/ptm/m/n/10 Cybozu of-fi-cial page [][]$\T1/fi4/m/n/10 http : / / develope
rs . kintone . com / kintone-[]apis / app-[]apis / record-[]update-[]api .

Overfull \hbox (9.78088pt too wide) in paragraph at lines 631--631
 []\T1/fi4/m/n/9 kintone <- Kintone("hakata.cybozu.com", "r-kintone", "r-kinton
e") # declare Kintone object[] 
(/usr/local/texlive/2013/texmf-dist/tex/latex/base/utf8.def) [9]
Overfull \hbox (40.55026pt too wide) in paragraph at lines 691--692
[]\T1/ptm/m/n/10 Cybozu of-fi-cial page [][]$\T1/fi4/m/n/10 http : / / develope
rs . kintone . com / kintone-[]apis / app-[]apis / record-[]update-[]api .

Overfull \hbox (9.78088pt too wide) in paragraph at lines 707--707
 []\T1/fi4/m/n/9 kintone <- Kintone("hakata.cybozu.com", "r-kintone", "r-kinton
e") # declare Kintone object[] 
[10] (/usr/local/texlive/2013/texmf-dist/tex/latex/base/utf8.def)
Overfull \hbox (10.05026pt too wide) in paragraph at lines 768--769
[]\T1/ptm/m/n/10 Cybozu of-fi-cial page [][]$\T1/fi4/m/n/10 http : / / develope
rs . kintone . com / kintone-[]apis / app-[]apis / file-[]upload .

Overfull \hbox (9.78088pt too wide) in paragraph at lines 788--788
 []\T1/fi4/m/n/9 kintone <- Kintone("hakata.cybozu.com", "r-kintone", "r-kinton
e") # declare Kintone object[] 
(./Rd2.ind [11]

LaTeX Font Warning: Font shape `T1/fi4/m/it' undefined
(Font)              using `T1/fi4/m/n' instead on input line 16.

[12]) (./Rd2.aux)

Package rerunfilecheck Warning: File `Rd2.out' has changed.
(rerunfilecheck)                Rerun to get outlines right
(rerunfilecheck)                or use package `bookmark'.


LaTeX Font Warning: Some font shapes were not available, defaults substituted.

 )
(see the transcript file for additional information){/usr/local/texlive/2013/te
xmf-dist/fonts/enc/dvips/base/8r.enc}{/usr/local/texlive/2013/texmf-dist/fonts/
enc/dvips/inconsolata/fi4-ec.enc}</usr/local/texlive/2013/texmf-dist/fonts/type
1/public/inconsolata/Inconsolata.pfb></usr/local/texlive/2013/texmf-dist/fonts/
type1/urw/helvetic/uhvr8a.pfb></usr/local/texlive/2013/texmf-dist/fonts/type1/u
rw/times/utmb8a.pfb></usr/local/texlive/2013/texmf-dist/fonts/type1/urw/times/u
tmr8a.pfb></usr/local/texlive/2013/texmf-dist/fonts/type1/urw/times/utmr8a.pfb>
</usr/local/texlive/2013/texmf-dist/fonts/type1/urw/times/utmri8a.pfb>
Output written on Rd2.pdf (12 pages, 82790 bytes).
Transcript written on Rd2.log.
This is makeindex, version 2.15 [TeX Live 2013] (kpathsea + Thai support).
Scanning input file ./Rd2.idx....done (24 entries accepted, 0 rejected).
Sorting entries....done (106 comparisons).
Generating output file ./Rd2.ind....done (42 lines written, 0 warnings).
Output written in ./Rd2.ind.
Transcript written in ./Rd2.ilg.
This is pdfTeX, Version 3.1415926-2.5-1.40.14 (TeX Live 2013)
 restricted \write18 enabled.
entering extended mode

(/private/var/folders/kg/x3gtxynj31v3q8xsw997qvb00000gn/T/RtmpC9HnIE/Rd2pdf1607
596ef297/Rd2.tex
LaTeX2e <2011/06/27>
Babel <3.9f> and hyphenation patterns for 78 languages loaded.

(/usr/local/texlive/2013/texmf-dist/tex/latex/base/book.cls
Document Class: book 2007/10/19 v1.4h Standard LaTeX document class
(/usr/local/texlive/2013/texmf-dist/tex/latex/base/bk10.clo))
(/Library/Frameworks/R.framework/Resources/share/texmf/tex/latex/Rd.sty
(/usr/local/texlive/2013/texmf-dist/tex/latex/base/ifthen.sty)
(/usr/local/texlive/2013/texmf-dist/tex/latex/tools/longtable.sty)
(/usr/local/texlive/2013/texmf-dist/tex/latex/tools/bm.sty)
(/usr/local/texlive/2013/texmf-dist/tex/latex/base/alltt.sty)
(/usr/local/texlive/2013/texmf-dist/tex/latex/tools/verbatim.sty)
(/usr/local/texlive/2013/texmf-dist/tex/latex/url/url.sty)
(/usr/local/texlive/2013/texmf-dist/tex/latex/base/textcomp.sty
(/usr/local/texlive/2013/texmf-dist/tex/latex/base/ts1enc.def))
(/usr/local/texlive/2013/texmf-dist/tex/latex/base/fontenc.sty
(/usr/local/texlive/2013/texmf-dist/tex/latex/base/t1enc.def))
(/usr/local/texlive/2013/texmf-dist/tex/latex/psnfss/times.sty)
(/usr/local/texlive/2013/texmf-dist/tex/latex/inconsolata/inconsolata.sty
(/usr/local/texlive/2013/texmf-dist/tex/latex/graphics/keyval.sty))
(/usr/local/texlive/2013/texmf-dist/tex/latex/graphics/color.sty
(/usr/local/texlive/2013/texmf-dist/tex/latex/latexconfig/color.cfg)
(/usr/local/texlive/2013/texmf-dist/tex/latex/pdftex-def/pdftex.def
(/usr/local/texlive/2013/texmf-dist/tex/generic/oberdiek/infwarerr.sty)
(/usr/local/texlive/2013/texmf-dist/tex/generic/oberdiek/ltxcmds.sty)))
(/usr/local/texlive/2013/texmf-dist/tex/latex/hyperref/hyperref.sty
(/usr/local/texlive/2013/texmf-dist/tex/generic/oberdiek/hobsub-hyperref.sty
(/usr/local/texlive/2013/texmf-dist/tex/generic/oberdiek/hobsub-generic.sty))
(/usr/local/texlive/2013/texmf-dist/tex/generic/ifxetex/ifxetex.sty)
(/usr/local/texlive/2013/texmf-dist/tex/latex/oberdiek/auxhook.sty)
(/usr/local/texlive/2013/texmf-dist/tex/latex/oberdiek/kvoptions.sty)
(/usr/local/texlive/2013/texmf-dist/tex/latex/hyperref/pd1enc.def)
(/usr/local/texlive/2013/texmf-dist/tex/latex/latexconfig/hyperref.cfg))

Package hyperref Message: Driver (autodetected): hpdftex.

(/usr/local/texlive/2013/texmf-dist/tex/latex/hyperref/hpdftex.def
(/usr/local/texlive/2013/texmf-dist/tex/latex/oberdiek/rerunfilecheck.sty))

Package hyperref Warning: Option `hyperindex' has already been used,
(hyperref)                setting the option has no effect on input line 361.


Package hyperref Warning: Option `pagebackref' has already been used,
(hyperref)                setting the option has no effect on input line 361.

) (/usr/local/texlive/2013/texmf-dist/tex/latex/base/makeidx.sty)
(/usr/local/texlive/2013/texmf-dist/tex/latex/base/inputenc.sty
(/usr/local/texlive/2013/texmf-dist/tex/latex/base/utf8.def
(/usr/local/texlive/2013/texmf-dist/tex/latex/base/t1enc.dfu)
(/usr/local/texlive/2013/texmf-dist/tex/latex/base/ot1enc.dfu)
(/usr/local/texlive/2013/texmf-dist/tex/latex/base/omsenc.dfu)
(/usr/local/texlive/2013/texmf-dist/tex/latex/base/ts1enc.dfu))
(/usr/local/texlive/2013/texmf-dist/tex/latex/base/latin1.def))
Writing index file Rd2.idx
(./Rd2.aux) (/usr/local/texlive/2013/texmf-dist/tex/latex/base/ts1cmr.fd)
(/usr/local/texlive/2013/texmf-dist/tex/latex/psnfss/t1ptm.fd)
(/usr/local/texlive/2013/texmf-dist/tex/context/base/supp-pdf.mkii
[Loading MPS to PDF converter (version 2006.09.02).]
) (/usr/local/texlive/2013/texmf-dist/tex/latex/hyperref/nameref.sty
(/usr/local/texlive/2013/texmf-dist/tex/generic/oberdiek/gettitlestring.sty))
(./Rd2.out) (./Rd2.out)
(/usr/local/texlive/2013/texmf-dist/tex/latex/inconsolata/t1fi4.fd)
(/usr/local/texlive/2013/texmf-dist/tex/latex/psnfss/t1phv.fd) (./Rd2.toc)
(/usr/local/texlive/2013/texmf-dist/tex/latex/base/utf8.def) [1{/usr/local/texl
ive/2013/texmf-var/fonts/map/pdftex/updmap/pdftex.map}]
Overfull \hbox (40.55026pt too wide) in paragraph at lines 77--78
[]\T1/ptm/m/n/10 Cybozu of-fi-cial page [][]$\T1/fi4/m/n/10 http : / / develope
rs . kintone . com / kintone-[]apis / app-[]apis / record-[]delete-[]api .

Overfull \hbox (9.78088pt too wide) in paragraph at lines 88--88
 []\T1/fi4/m/n/9 kintone <- Kintone("hakata.cybozu.com", "r-kintone", "r-kinton
e") # declare Kintone object[] 
(/usr/local/texlive/2013/texmf-dist/tex/latex/base/utf8.def) [2]
Overfull \hbox (20.05026pt too wide) in paragraph at lines 147--148
[]\T1/ptm/m/n/10 Cybozu of-fi-cial page [][]$\T1/fi4/m/n/10 http : / / develope
rs . kintone . com / kintone-[]apis / app-[]apis / file-[]download .

Overfull \hbox (9.78088pt too wide) in paragraph at lines 163--163
 []\T1/fi4/m/n/9 kintone <- Kintone("hakata.cybozu.com", "r-kintone", "r-kinton
e") # declare Kintone object[] 
(/usr/local/texlive/2013/texmf-dist/tex/latex/base/utf8.def) [3]
Overfull \hbox (55.55026pt too wide) in paragraph at lines 219--220
[]\T1/ptm/m/n/10 Cybozu of-fi-cial page [][]$\T1/fi4/m/n/10 http : / / develope
rs . kintone . com / kintone-[]apis / app-[]apis / record-[]retrieval-[]api .

Overfull \hbox (9.78088pt too wide) in paragraph at lines 235--235
 []\T1/fi4/m/n/9 kintone <- Kintone("hakata.cybozu.com", "r-kintone", "r-kinton
e") # declare Kintone object[] 

Overfull \hbox (9.78088pt too wide) in paragraph at lines 246--246
 []\T1/fi4/m/n/9 kintone <- Kintone("hakata.cybozu.com", "r-kintone", "r-kinton
e") # declare Kintone object[] 
[4] (/usr/local/texlive/2013/texmf-dist/tex/latex/base/utf8.def)
Overfull \hbox (55.55026pt too wide) in paragraph at lines 307--308
[]\T1/ptm/m/n/10 Cybozu of-fi-cial page [][]$\T1/fi4/m/n/10 http : / / develope
rs . kintone . com / kintone-[]apis / app-[]apis / record-[]retrieval-[]api .

Overfull \hbox (9.78088pt too wide) in paragraph at lines 323--323
 []\T1/fi4/m/n/9 kintone <- Kintone("hakata.cybozu.com", "r-kintone", "r-kinton
e") # declare Kintone object[] 
(/usr/local/texlive/2013/texmf-dist/tex/latex/inconsolata/ts1fi4.fd) [5]
Overfull \hbox (50.28088pt too wide) in paragraph at lines 333--333
 []    \T1/fi4/m/n/9 kintone@getRecords(app, query=query, fields=fields) # requ
est with "query" and "fields" options[] 

Overfull \hbox (14.28088pt too wide) in paragraph at lines 342--342
 []\T1/fi4/m/n/9 kintone1 <- Kintone("hakata.cybozu.com", "r-kintone", "r-kinto
ne") # declare Kintone object[] 
(/usr/local/texlive/2013/texmf-dist/tex/latex/base/utf8.def)
Overfull \hbox (9.78088pt too wide) in paragraph at lines 405--405
 []\T1/fi4/m/n/9 kintone <- Kintone("hakata.cybozu.com", "r-kintone", "r-kinton
e") # declare Kintone object[] 
(/usr/local/texlive/2013/texmf-dist/tex/latex/base/utf8.def) [6]
Overfull \hbox (50.55026pt too wide) in paragraph at lines 458--459
[]\T1/ptm/m/n/10 Cybozu of-fi-cial page [][]$\T1/fi4/m/n/10 http : / / develope
rs . kintone . com / kintone-[]apis / app-[]apis / record-[]register-[]api .

Overfull \hbox (9.78088pt too wide) in paragraph at lines 474--474
 []\T1/fi4/m/n/9 kintone <- Kintone("hakata.cybozu.com", "r-kintone", "r-kinton
e") # declare Kintone object[] 
(/usr/local/texlive/2013/texmf-dist/tex/latex/base/utf8.def) [7]
Overfull \hbox (50.55026pt too wide) in paragraph at lines 533--534
[]\T1/ptm/m/n/10 Cybozu of-fi-cial page [][]$\T1/fi4/m/n/10 http : / / develope
rs . kintone . com / kintone-[]apis / app-[]apis / record-[]register-[]api .

Overfull \hbox (9.78088pt too wide) in paragraph at lines 549--549
 []\T1/fi4/m/n/9 kintone <- Kintone("hakata.cybozu.com", "r-kintone", "r-kinton
e") # declare Kintone object[] 
(/usr/local/texlive/2013/texmf-dist/tex/latex/base/utf8.def) [8]
Overfull \hbox (40.55026pt too wide) in paragraph at lines 615--616
[]\T1/ptm/m/n/10 Cybozu of-fi-cial page [][]$\T1/fi4/m/n/10 http : / / develope
rs . kintone . com / kintone-[]apis / app-[]apis / record-[]update-[]api .

Overfull \hbox (9.78088pt too wide) in paragraph at lines 631--631
 []\T1/fi4/m/n/9 kintone <- Kintone("hakata.cybozu.com", "r-kintone", "r-kinton
e") # declare Kintone object[] 
(/usr/local/texlive/2013/texmf-dist/tex/latex/base/utf8.def) [9]
Overfull \hbox (40.55026pt too wide) in paragraph at lines 691--692
[]\T1/ptm/m/n/10 Cybozu of-fi-cial page [][]$\T1/fi4/m/n/10 http : / / develope
rs . kintone . com / kintone-[]apis / app-[]apis / record-[]update-[]api .

Overfull \hbox (9.78088pt too wide) in paragraph at lines 707--707
 []\T1/fi4/m/n/9 kintone <- Kintone("hakata.cybozu.com", "r-kintone", "r-kinton
e") # declare Kintone object[] 
[10] (/usr/local/texlive/2013/texmf-dist/tex/latex/base/utf8.def)
Overfull \hbox (10.05026pt too wide) in paragraph at lines 768--769
[]\T1/ptm/m/n/10 Cybozu of-fi-cial page [][]$\T1/fi4/m/n/10 http : / / develope
rs . kintone . com / kintone-[]apis / app-[]apis / file-[]upload .

Overfull \hbox (9.78088pt too wide) in paragraph at lines 788--788
 []\T1/fi4/m/n/9 kintone <- Kintone("hakata.cybozu.com", "r-kintone", "r-kinton
e") # declare Kintone object[] 
(./Rd2.ind [11]

LaTeX Font Warning: Font shape `T1/fi4/m/it' undefined
(Font)              using `T1/fi4/m/n' instead on input line 16.

[12]) (./Rd2.aux)

LaTeX Font Warning: Some font shapes were not available, defaults substituted.

 )
(see the transcript file for additional information){/usr/local/texlive/2013/te
xmf-dist/fonts/enc/dvips/base/8r.enc}{/usr/local/texlive/2013/texmf-dist/fonts/
enc/dvips/inconsolata/fi4-ec.enc}</usr/local/texlive/2013/texmf-dist/fonts/type
1/public/inconsolata/Inconsolata.pfb></usr/local/texlive/2013/texmf-dist/fonts/
type1/urw/helvetic/uhvr8a.pfb></usr/local/texlive/2013/texmf-dist/fonts/type1/u
rw/times/utmb8a.pfb></usr/local/texlive/2013/texmf-dist/fonts/type1/urw/times/u
tmr8a.pfb></usr/local/texlive/2013/texmf-dist/fonts/type1/urw/times/utmr8a.pfb>
</usr/local/texlive/2013/texmf-dist/fonts/type1/urw/times/utmri8a.pfb>
Output written on Rd2.pdf (12 pages, 83186 bytes).
Transcript written on Rd2.log.
Saving output to 'kintone-manual.pdf' ...
Done
You may want to clean up by 'rm -rf /var/folders/kg/x3gtxynj31v3q8xsw997qvb00000gn/T//RtmpC9HnIE/Rd2pdf1607596ef297'
